<?xml version="1.0" encoding="UTF-8"?>
<!-- Generated by org.testng.reporters.JUnitReportReporter -->
<testsuite skipped="0" hostname="Neha-PC" name="com.tests.AccountLoginPageTest" tests="1" failures="0" timestamp="08 Aug 2021 13:37:55 GMT" time="8.205" errors="0">
  <testcase name="loginVerification" time="8.205" classname="com.tests.AccountLoginPageTest"/>
</testsuite> <!-- com.tests.AccountLoginPageTest -->
