<?xml version="1.0" encoding="UTF-8"?>
<!-- Generated by org.testng.reporters.JUnitReportReporter -->
<testsuite skipped="0" hostname="Neha-PC" name="com.tests.LoginpageTest" tests="2" failures="0" timestamp="08 Aug 2021 16:35:52 GMT" time="8.863" errors="0">
  <testcase name="verifyLoginbtn" time="1.586" classname="com.tests.LoginpageTest"/>
  <testcase name="VerifyValidLogin" time="7.277" classname="com.tests.LoginpageTest"/>
</testsuite> <!-- com.tests.LoginpageTest -->
