<?xml version="1.0" encoding="UTF-8"?>
<!-- Generated by org.testng.reporters.JUnitReportReporter -->
<testsuite skipped="0" hostname="Neha-PC" name="com.tests.InitialPageTest" tests="1" failures="0" timestamp="08 Aug 2021 13:37:55 GMT" time="1.306" errors="0">
  <testcase name="verifyLoginbtn" time="1.306" classname="com.tests.InitialPageTest"/>
</testsuite> <!-- com.tests.InitialPageTest -->
